[debug] [2019-09-02T19:38:18.082Z] ----------------------------------------------------------------------
[debug] [2019-09-02T19:38:18.084Z] Command:       /usr/local/Cellar/node@10/10.16.3/bin/node /usr/local/bin/firebase serve
[debug] [2019-09-02T19:38:18.084Z] CLI Version:   7.3.0
[debug] [2019-09-02T19:38:18.084Z] Platform:      darwin
[debug] [2019-09-02T19:38:18.084Z] Node Version:  v10.16.3
[debug] [2019-09-02T19:38:18.085Z] Time:          Mon Sep 02 2019 21:38:18 GMT+0200 (Mitteleuropäische Sommerzeit)
[debug] [2019-09-02T19:38:18.085Z] ----------------------------------------------------------------------
[debug] 
[debug] [2019-09-02T19:38:18.095Z] > command requires scopes: ["email","openid","https://www.googleapis.com/auth/cloudplatformprojects.readonly","https://www.googleapis.com/auth/firebase","https://www.googleapis.com/auth/cloud-platform"]
[debug] [2019-09-02T19:38:18.096Z] > authorizing via signed-in user
[debug] [2019-09-02T19:38:18.096Z] [iam] checking project ngstuttgart for permissions ["firebase.projects.get"]
[debug] [2019-09-02T19:38:18.098Z] >>> HTTP REQUEST POST https://cloudresourcemanager.googleapis.com/v1/projects/ngstuttgart:testIamPermissions  

[debug] [2019-09-02T19:38:19.065Z] <<< HTTP RESPONSE 200
[debug] [2019-09-02T19:38:19.068Z] >>> HTTP REQUEST GET https://firebase.googleapis.com/v1beta1/projects/ngstuttgart  
 
[debug] [2019-09-02T19:38:19.479Z] <<< HTTP RESPONSE 200
[info] 
[info] === Serving from '/Users/alexanderschuster/Repos/ng-stuttgart.de'...
[info] 
[debug] [2019-09-02T19:38:19.488Z] >>> HTTP REQUEST GET https://firebase.googleapis.com/v1beta1/projects/ngstuttgart/webApps/-/config  
 
[warn] ⚠  Your functions directory does not specify a Node version.
   - Learn more at https://firebase.google.com/docs/functions/manage-functions#set_runtime_options
[info] ✔  functions: Emulator started at http://localhost:5001
[debug] [2019-09-02T19:38:20.411Z] <<< HTTP RESPONSE 200
[info] i  functions: Watching "/Users/alexanderschuster/Repos/ng-stuttgart.de/functions" for Cloud Functions...
[info] i  hosting: Serving hosting files from: dist/apps/webpage
[info] ✔  hosting: Local server: http://localhost:5000
[debug] [2019-09-02T19:38:20.757Z] [runtime-status] Functions runtime initialized. {"cwd":"/Users/alexanderschuster/Repos/ng-stuttgart.de/functions","node_version":"10.16.3"}
[debug] [2019-09-02T19:38:20.757Z] [runtime-status] Disabled runtime features: {"functions_config_helper":true,"network_filtering":true,"timeout":true,"memory_limiting":true,"admin_stubs":true} {}
[warn] ⚠  The Cloud Functions emulator requires the module "firebase-admin" to be installed. This package is in your package.json, but it's not available. You probably need to run "npm install" in your functions directory.
[info] i  functions: Your functions could not be parsed due to an issue with your node_modules (see above)
[debug] [2019-09-02T19:42:07.122Z] ----------------------------------------------------------------------
[debug] [2019-09-02T19:42:07.124Z] Command:       /usr/local/Cellar/node@10/10.16.3/bin/node /usr/local/bin/firebase serve
[debug] [2019-09-02T19:42:07.124Z] CLI Version:   7.3.0
[debug] [2019-09-02T19:42:07.125Z] Platform:      darwin
[debug] [2019-09-02T19:42:07.125Z] Node Version:  v10.16.3
[debug] [2019-09-02T19:42:07.125Z] Time:          Mon Sep 02 2019 21:42:07 GMT+0200 (Mitteleuropäische Sommerzeit)
[debug] [2019-09-02T19:42:07.125Z] ----------------------------------------------------------------------
[debug] 
[debug] [2019-09-02T19:42:07.132Z] > command requires scopes: ["email","openid","https://www.googleapis.com/auth/cloudplatformprojects.readonly","https://www.googleapis.com/auth/firebase","https://www.googleapis.com/auth/cloud-platform"]
[debug] [2019-09-02T19:42:07.133Z] > authorizing via signed-in user
[debug] [2019-09-02T19:42:07.133Z] [iam] checking project ngstuttgart for permissions ["firebase.projects.get"]
[debug] [2019-09-02T19:42:07.134Z] >>> HTTP REQUEST POST https://cloudresourcemanager.googleapis.com/v1/projects/ngstuttgart:testIamPermissions  

[debug] [2019-09-02T19:42:08.041Z] <<< HTTP RESPONSE 200
[debug] [2019-09-02T19:42:08.044Z] >>> HTTP REQUEST GET https://firebase.googleapis.com/v1beta1/projects/ngstuttgart  
 
[debug] [2019-09-02T19:42:08.312Z] <<< HTTP RESPONSE 200
[info] 
[info] === Serving from '/Users/alexanderschuster/Repos/ng-stuttgart.de'...
[info] 
[debug] [2019-09-02T19:42:08.319Z] >>> HTTP REQUEST GET https://firebase.googleapis.com/v1beta1/projects/ngstuttgart/webApps/-/config  
 
[warn] ⚠  Your functions directory does not specify a Node version.
   - Learn more at https://firebase.google.com/docs/functions/manage-functions#set_runtime_options
[info] ✔  functions: Emulator started at http://localhost:5001
[debug] [2019-09-02T19:42:08.769Z] <<< HTTP RESPONSE 200
[info] i  functions: Watching "/Users/alexanderschuster/Repos/ng-stuttgart.de/functions" for Cloud Functions...
[info] i  hosting: Serving hosting files from: dist/apps/webpage
[info] ✔  hosting: Local server: http://localhost:5000
[debug] [2019-09-02T19:42:09.087Z] [runtime-status] Functions runtime initialized. {"cwd":"/Users/alexanderschuster/Repos/ng-stuttgart.de/functions","node_version":"10.16.3"}
[debug] [2019-09-02T19:42:09.087Z] [runtime-status] Disabled runtime features: {"functions_config_helper":true,"network_filtering":true,"timeout":true,"memory_limiting":true,"admin_stubs":true} {}
[warn] ⚠  The Cloud Functions emulator requires the module "firebase-admin" to be installed. This package is in your package.json, but it's not available. You probably need to run "npm install" in your functions directory.
[info] i  functions: Your functions could not be parsed due to an issue with your node_modules (see above)
[debug] [2019-09-02T20:05:15.413Z] ----------------------------------------------------------------------
[debug] [2019-09-02T20:05:15.415Z] Command:       /usr/local/Cellar/node@10/10.16.3/bin/node /usr/local/bin/firebase serve
[debug] [2019-09-02T20:05:15.415Z] CLI Version:   7.3.0
[debug] [2019-09-02T20:05:15.415Z] Platform:      darwin
[debug] [2019-09-02T20:05:15.415Z] Node Version:  v10.16.3
[debug] [2019-09-02T20:05:15.416Z] Time:          Mon Sep 02 2019 22:05:15 GMT+0200 (Mitteleuropäische Sommerzeit)
[debug] [2019-09-02T20:05:15.416Z] ----------------------------------------------------------------------
[debug] 
[debug] [2019-09-02T20:05:15.426Z] > command requires scopes: ["email","openid","https://www.googleapis.com/auth/cloudplatformprojects.readonly","https://www.googleapis.com/auth/firebase","https://www.googleapis.com/auth/cloud-platform"]
[debug] [2019-09-02T20:05:15.426Z] > authorizing via signed-in user
[debug] [2019-09-02T20:05:15.427Z] [iam] checking project ngstuttgart for permissions ["firebase.projects.get"]
[debug] [2019-09-02T20:05:15.428Z] > refreshing access token with scopes: ["email","https://www.googleapis.com/auth/cloud-platform","https://www.googleapis.com/auth/cloudplatformprojects.readonly","https://www.googleapis.com/auth/firebase","openid"]
[debug] [2019-09-02T20:05:15.428Z] >>> HTTP REQUEST POST https://www.googleapis.com/oauth2/v3/token  
 <request body omitted>
[debug] [2019-09-02T20:05:15.676Z] <<< HTTP RESPONSE 200
[debug] [2019-09-02T20:05:15.709Z] >>> HTTP REQUEST POST https://cloudresourcemanager.googleapis.com/v1/projects/ngstuttgart:testIamPermissions  

[debug] [2019-09-02T20:05:16.553Z] <<< HTTP RESPONSE 200
[debug] [2019-09-02T20:05:16.554Z] >>> HTTP REQUEST GET https://firebase.googleapis.com/v1beta1/projects/ngstuttgart  
 
[debug] [2019-09-02T20:05:16.886Z] <<< HTTP RESPONSE 200
[info] 
[info] === Serving from '/Users/alexanderschuster/Repos/ng-stuttgart.de'...
[info] 
[debug] [2019-09-02T20:05:16.895Z] >>> HTTP REQUEST GET https://firebase.googleapis.com/v1beta1/projects/ngstuttgart/webApps/-/config  
 
[warn] ⚠  Your functions directory does not specify a Node version.
   - Learn more at https://firebase.google.com/docs/functions/manage-functions#set_runtime_options
[info] ✔  functions: Emulator started at http://localhost:5001
[debug] [2019-09-02T20:05:17.350Z] <<< HTTP RESPONSE 200
[info] i  functions: Watching "/Users/alexanderschuster/Repos/ng-stuttgart.de/functions" for Cloud Functions...
[info] i  hosting: Serving hosting files from: dist/apps/webpage
[info] ✔  hosting: Local server: http://localhost:5000
[debug] [2019-09-02T20:05:17.682Z] [runtime-status] Functions runtime initialized. {"cwd":"/Users/alexanderschuster/Repos/ng-stuttgart.de/functions","node_version":"10.16.3"}
[debug] [2019-09-02T20:05:17.682Z] [runtime-status] Disabled runtime features: {"functions_config_helper":true,"network_filtering":true,"timeout":true,"memory_limiting":true,"admin_stubs":true} {}
[warn] ⚠  The Cloud Functions emulator requires the module "firebase-admin" to be installed. This package is in your package.json, but it's not available. You probably need to run "npm install" in your functions directory.
[info] i  functions: Your functions could not be parsed due to an issue with your node_modules (see above)
[debug] [2019-09-02T20:18:43.724Z] ----------------------------------------------------------------------
[debug] [2019-09-02T20:18:43.727Z] Command:       /usr/local/Cellar/node@10/10.16.3/bin/node /usr/local/bin/firebase serve
[debug] [2019-09-02T20:18:43.727Z] CLI Version:   7.3.0
[debug] [2019-09-02T20:18:43.727Z] Platform:      darwin
[debug] [2019-09-02T20:18:43.727Z] Node Version:  v10.16.3
[debug] [2019-09-02T20:18:43.728Z] Time:          Mon Sep 02 2019 22:18:43 GMT+0200 (Mitteleuropäische Sommerzeit)
[debug] [2019-09-02T20:18:43.728Z] ----------------------------------------------------------------------
[debug] 
[debug] [2019-09-02T20:18:43.738Z] > command requires scopes: ["email","openid","https://www.googleapis.com/auth/cloudplatformprojects.readonly","https://www.googleapis.com/auth/firebase","https://www.googleapis.com/auth/cloud-platform"]
[debug] [2019-09-02T20:18:43.738Z] > authorizing via signed-in user
[debug] [2019-09-02T20:18:43.738Z] [iam] checking project ngstuttgart for permissions ["firebase.projects.get"]
[debug] [2019-09-02T20:18:43.740Z] >>> HTTP REQUEST POST https://cloudresourcemanager.googleapis.com/v1/projects/ngstuttgart:testIamPermissions  

[debug] [2019-09-02T20:18:44.646Z] <<< HTTP RESPONSE 200
[debug] [2019-09-02T20:18:44.649Z] >>> HTTP REQUEST GET https://firebase.googleapis.com/v1beta1/projects/ngstuttgart  
 
[debug] [2019-09-02T20:18:44.908Z] <<< HTTP RESPONSE 200
[info] 
[info] === Serving from '/Users/alexanderschuster/Repos/ng-stuttgart.de'...
[info] 
[debug] [2019-09-02T20:18:44.917Z] >>> HTTP REQUEST GET https://firebase.googleapis.com/v1beta1/projects/ngstuttgart/webApps/-/config  
 
[warn] ⚠  Your functions directory does not specify a Node version.
   - Learn more at https://firebase.google.com/docs/functions/manage-functions#set_runtime_options
[info] ✔  functions: Emulator started at http://localhost:5001
[debug] [2019-09-02T20:18:45.389Z] <<< HTTP RESPONSE 200
[info] i  functions: Watching "/Users/alexanderschuster/Repos/ng-stuttgart.de/functions" for Cloud Functions...
[info] i  hosting: Serving hosting files from: dist/apps/webpage
[info] ✔  hosting: Local server: http://localhost:5000
[debug] [2019-09-02T20:18:45.696Z] [runtime-status] Functions runtime initialized. {"cwd":"/Users/alexanderschuster/Repos/ng-stuttgart.de/functions","node_version":"10.16.3"}
[debug] [2019-09-02T20:18:45.696Z] [runtime-status] Disabled runtime features: {"functions_config_helper":true,"network_filtering":true,"timeout":true,"memory_limiting":true,"admin_stubs":true} {}
[warn] ⚠  The Cloud Functions emulator requires the module "firebase-admin" to be installed. This package is in your package.json, but it's not available. You probably need to run "npm install" in your functions directory.
[info] i  functions: Your functions could not be parsed due to an issue with your node_modules (see above)
[debug] [2019-09-02T20:30:26.910Z] ----------------------------------------------------------------------
[debug] [2019-09-02T20:30:26.912Z] Command:       /usr/local/Cellar/node@10/10.16.3/bin/node /usr/local/bin/firebase serve
[debug] [2019-09-02T20:30:26.912Z] CLI Version:   7.3.0
[debug] [2019-09-02T20:30:26.912Z] Platform:      darwin
[debug] [2019-09-02T20:30:26.913Z] Node Version:  v10.16.3
[debug] [2019-09-02T20:30:26.913Z] Time:          Mon Sep 02 2019 22:30:26 GMT+0200 (Mitteleuropäische Sommerzeit)
[debug] [2019-09-02T20:30:26.913Z] ----------------------------------------------------------------------
[debug] 
[debug] [2019-09-02T20:30:26.922Z] > command requires scopes: ["email","openid","https://www.googleapis.com/auth/cloudplatformprojects.readonly","https://www.googleapis.com/auth/firebase","https://www.googleapis.com/auth/cloud-platform"]
[debug] [2019-09-02T20:30:26.923Z] > authorizing via signed-in user
[debug] [2019-09-02T20:30:26.923Z] [iam] checking project ngstuttgart for permissions ["firebase.projects.get"]
[debug] [2019-09-02T20:30:26.924Z] >>> HTTP REQUEST POST https://cloudresourcemanager.googleapis.com/v1/projects/ngstuttgart:testIamPermissions  

[debug] [2019-09-02T20:30:27.866Z] <<< HTTP RESPONSE 200
[debug] [2019-09-02T20:30:27.869Z] >>> HTTP REQUEST GET https://firebase.googleapis.com/v1beta1/projects/ngstuttgart  
 
[debug] [2019-09-02T20:30:28.124Z] <<< HTTP RESPONSE 200
[info] 
[info] === Serving from '/Users/alexanderschuster/Repos/ng-stuttgart.de'...
[info] 
[debug] [2019-09-02T20:30:28.131Z] >>> HTTP REQUEST GET https://firebase.googleapis.com/v1beta1/projects/ngstuttgart/webApps/-/config  
 
[warn] ⚠  Your functions directory does not specify a Node version.
   - Learn more at https://firebase.google.com/docs/functions/manage-functions#set_runtime_options
[info] ✔  functions: Emulator started at http://localhost:5001
[debug] [2019-09-02T20:30:28.842Z] <<< HTTP RESPONSE 200
[info] i  functions: Watching "/Users/alexanderschuster/Repos/ng-stuttgart.de/functions" for Cloud Functions...
[info] i  hosting: Serving hosting files from: dist/apps/webpage
[info] ✔  hosting: Local server: http://localhost:5000
[debug] [2019-09-02T20:30:29.179Z] [runtime-status] Functions runtime initialized. {"cwd":"/Users/alexanderschuster/Repos/ng-stuttgart.de/functions","node_version":"10.16.3"}
[debug] [2019-09-02T20:30:29.179Z] [runtime-status] Disabled runtime features: {"functions_config_helper":true,"network_filtering":true,"timeout":true,"memory_limiting":true,"admin_stubs":true} {}
[warn] ⚠  The Cloud Functions emulator requires the module "firebase-admin" to be installed. This package is in your package.json, but it's not available. You probably need to run "npm install" in your functions directory.
[info] i  functions: Your functions could not be parsed due to an issue with your node_modules (see above)
